2016-09-10 17:07:22,069 INFO  [org.jboss.modules] (main) JBoss Modules version 1.3.3.Final
2016-09-10 17:07:24,263 INFO  [org.jboss.msc] (main) JBoss MSC version 1.2.2.Final
2016-09-10 17:07:24,398 INFO  [org.jboss.as] (MSC service thread 1-7) JBAS015899: WildFly 8.2.1.Final "Tweek" starting
2016-09-10 17:07:24,415 DEBUG [org.jboss.as.config] (MSC service thread 1-7) Configured system properties:
	awt.toolkit = sun.awt.windows.WToolkit
	file.encoding = Cp1252
	file.encoding.pkg = sun.io
	file.separator = \
	java.awt.graphicsenv = sun.awt.Win32GraphicsEnvironment
	java.awt.headless = true
	java.awt.printerjob = sun.awt.windows.WPrinterJob
	java.class.path = D:\wildfly-8.2.1.Final\jboss-modules.jar
	java.class.version = 52.0
	java.endorsed.dirs = C:\Program Files\Java\jdk1.8.0_101\jre\lib\endorsed
	java.ext.dirs = C:\Program Files\Java\jdk1.8.0_101\jre\lib\ext;C:\WINDOWS\Sun\Java\lib\ext
	java.home = C:\Program Files\Java\jdk1.8.0_101\jre
	java.io.tmpdir = C:\Users\THIAGO~1\AppData\Local\Temp\
	java.library.path = C:\Program Files\Java\jdk1.8.0_101\bin;C:\WINDOWS\Sun\Java\bin;C:\WINDOWS\system32;C:\WINDOWS;native;C:/Program Files/Java/jdk1.8.0_101/jre/bin/server;C:/Program Files/Java/jdk1.8.0_101/jre/bin;C:/Program Files/Java/jdk1.8.0_101/jre/lib/amd64;C:\ProgramData\Oracle\Java\javapath;C:\Program Files (x86)\NVIDIA Corporation\PhysX\Common;C:\Program Files (x86)\Intel\iCLS Client\;C:\Program Files\Intel\iCLS Client\;C:\WINDOWS\system32;C:\WINDOWS;C:\WINDOWS\System32\Wbem;C:\WINDOWS\System32\WindowsPowerShell\v1.0\;C:\Program Files (x86)\Windows Live\Shared;C:\Program Files\Intel\Intel(R) Management Engine Components\DAL;C:\Program Files\Intel\Intel(R) Management Engine Components\IPT;C:\Program Files (x86)\Intel\Intel(R) Management Engine Components\DAL;C:\Program Files (x86)\Intel\Intel(R) Management Engine Components\IPT;C:\Program Files (x86)\Intel\OpenCL SDK\2.0\bin\x86;C:\Program Files (x86)\Intel\OpenCL SDK\2.0\bin\x64;C:\Program Files\Condusiv Technologies\ExpressCache\;D:\Program Files\nodejs\node_modules\npm\bin;D:\Program Files\nodejs\;C:\Program Files\MongoDB\Server\3.2\bin;D:\Program Files\Git\cmd;C:\Ruby23-x64\bin;D:\Program Files\nodejs\node_modules\npm\bin;C:\Users\ThiagoHenrique\AppData\Local\Microsoft\WindowsApps;C:\Users\ThiagoHenrique\AppData\Local\atom\bin;C:\Users\ThiagoHenrique\AppData\Roaming\npm;D:\Program Files\Microsoft VS Code\bin;C:\Program Files\MongoDB\Server\3.2\bin;C:\Users\ThiagoHenrique\eclipse\jee-neon\eclipse;;.
	java.net.preferIPv4Stack = true
	java.runtime.name = Java(TM) SE Runtime Environment
	java.runtime.version = 1.8.0_101-b13
	java.specification.name = Java Platform API Specification
	java.specification.vendor = Oracle Corporation
	java.specification.version = 1.8
	java.util.logging.manager = org.jboss.logmanager.LogManager
	java.vendor = Oracle Corporation
	java.vendor.url = http://java.oracle.com/
	java.vendor.url.bug = http://bugreport.sun.com/bugreport/
	java.version = 1.8.0_101
	java.vm.info = mixed mode
	java.vm.name = Java HotSpot(TM) 64-Bit Server VM
	java.vm.specification.name = Java Virtual Machine Specification
	java.vm.specification.vendor = Oracle Corporation
	java.vm.specification.version = 1.8
	java.vm.vendor = Oracle Corporation
	java.vm.version = 25.101-b13
	javax.management.builder.initial = org.jboss.as.jmx.PluggableMBeanServerBuilder
	javax.xml.datatype.DatatypeFactory = __redirected.__DatatypeFactory
	javax.xml.parsers.DocumentBuilderFactory = __redirected.__DocumentBuilderFactory
	javax.xml.parsers.SAXParserFactory = __redirected.__SAXParserFactory
	javax.xml.stream.XMLEventFactory = __redirected.__XMLEventFactory
	javax.xml.stream.XMLInputFactory = __redirected.__XMLInputFactory
	javax.xml.stream.XMLOutputFactory = __redirected.__XMLOutputFactory
	javax.xml.transform.TransformerFactory = __redirected.__TransformerFactory
	javax.xml.validation.SchemaFactory:http://www.w3.org/2001/XMLSchema = __redirected.__SchemaFactory
	javax.xml.xpath.XPathFactory:http://java.sun.com/jaxp/xpath/dom = __redirected.__XPathFactory
	jboss.bind.address = localhost
	jboss.bind.address.management = localhost
	jboss.home.dir = D:\wildfly-8.2.1.Final
	jboss.host.name = pc-plugapps
	jboss.modules.dir = D:\wildfly-8.2.1.Final\modules
	jboss.modules.system.pkgs = org.jboss.byteman
	jboss.node.name = pc-plugapps
	jboss.qualified.host.name = pc-plugapps
	jboss.server.base.dir = D:\wildfly-8.2.1.Final\standalone
	jboss.server.config.dir = D:\wildfly-8.2.1.Final\standalone\configuration
	jboss.server.data.dir = D:\wildfly-8.2.1.Final\standalone\data
	jboss.server.deploy.dir = D:\wildfly-8.2.1.Final\standalone\data\content
	jboss.server.log.dir = D:\wildfly-8.2.1.Final\standalone\log
	jboss.server.name = pc-plugapps
	jboss.server.persist.config = true
	jboss.server.temp.dir = D:\wildfly-8.2.1.Final\standalone\tmp
	line.separator = 

	logging.configuration = file:/D:/wildfly-8.2.1.Final/standalone/configuration/logging.properties
	module.path = D:/wildfly-8.2.1.Final/modules
	org.jboss.boot.log.file = D:/wildfly-8.2.1.Final/standalone/log/boot.log
	org.jboss.logmanager.nocolor = true
	org.jboss.resolver.warning = true
	org.xml.sax.driver = __redirected.__XMLReaderFactory
	os.arch = amd64
	os.name = Windows 10
	os.version = 10.0
	path.separator = ;
	program.name = JBossTools: WildFly  8.x
	sun.arch.data.model = 64
	sun.boot.class.path = C:\Program Files\Java\jdk1.8.0_101\jre\lib\resources.jar;C:\Program Files\Java\jdk1.8.0_101\jre\lib\rt.jar;C:\Program Files\Java\jdk1.8.0_101\jre\lib\sunrsasign.jar;C:\Program Files\Java\jdk1.8.0_101\jre\lib\jsse.jar;C:\Program Files\Java\jdk1.8.0_101\jre\lib\jce.jar;C:\Program Files\Java\jdk1.8.0_101\jre\lib\charsets.jar;C:\Program Files\Java\jdk1.8.0_101\jre\lib\jfr.jar;C:\Program Files\Java\jdk1.8.0_101\jre\classes
	sun.boot.library.path = C:\Program Files\Java\jdk1.8.0_101\jre\bin
	sun.cpu.endian = little
	sun.cpu.isalist = amd64
	sun.desktop = windows
	sun.io.unicode.encoding = UnicodeLittle
	sun.java.command = org.jboss.modules.Main -mp D:/wildfly-8.2.1.Final/modules -jaxpmodule javax.xml.jaxp-provider -jaxpmodule javax.xml.jaxp-provider org.jboss.as.standalone -b localhost --server-config=standalone.xml -Djboss.server.base.dir=D:\wildfly-8.2.1.Final\standalone
	sun.java.launcher = SUN_STANDARD
	sun.jnu.encoding = Cp1252
	sun.management.compiler = HotSpot 64-Bit Tiered Compilers
	sun.os.patch.level = 
	sun.rmi.dgc.client.gcInterval = 3600000
	sun.rmi.dgc.server.gcInterval = 3600000
	user.country = BR
	user.dir = D:\wildfly-8.2.1.Final\bin
	user.home = C:\Users\ThiagoHenrique
	user.language = pt
	user.name = ThiagoHenrique
	user.script = 
	user.timezone = America/Sao_Paulo
	user.variant = 
2016-09-10 17:07:24,417 DEBUG [org.jboss.as.config] (MSC service thread 1-7) VM Arguments: -Dprogram.name=JBossTools: WildFly  8.x -Xms64m -Xmx512m -XX:MaxPermSize=256m -Dorg.jboss.resolver.warning=true -Djava.net.preferIPv4Stack=true -Dsun.rmi.dgc.client.gcInterval=3600000 -Dsun.rmi.dgc.server.gcInterval=3600000 -Djboss.modules.system.pkgs=org.jboss.byteman -Djava.awt.headless=true -Dorg.jboss.boot.log.file=D:/wildfly-8.2.1.Final/standalone/log/boot.log -Dlogging.configuration=file:/D:/wildfly-8.2.1.Final/standalone/configuration/logging.properties -Djboss.home.dir=D:/wildfly-8.2.1.Final -Dorg.jboss.logmanager.nocolor=true -Djboss.bind.address.management=localhost -Dfile.encoding=Cp1252 
2016-09-10 17:07:36,424 INFO  [org.jboss.as.server.deployment.scanner] (DeploymentScanner-threads - 1) JBAS015003: Found DTP-Rest-0.0.1-SNAPSHOT.war in deployment directory. To trigger deployment create a file called DTP-Rest-0.0.1-SNAPSHOT.war.dodeploy
2016-09-10 17:07:36,460 INFO  [org.jboss.as.server] (Controller Boot Thread) JBAS015888: Creating http management service using socket-binding (management-http)
2016-09-10 17:07:36,505 INFO  [org.xnio] (MSC service thread 1-4) XNIO version 3.3.0.Final
2016-09-10 17:07:36,547 INFO  [org.xnio.nio] (MSC service thread 1-4) XNIO NIO Implementation Version 3.3.0.Final
